<?xml version="1.0" encoding="UTF-8"?>
<!-- Generated by org.testng.reporters.JUnitReportReporter -->
<testsuite hostname="LAPTOP-IH94VMQ2" failures="0" tests="1" name="com.TestCases.TestCases" time="236.338" errors="0" timestamp="2022-10-23T16:46:07 IST" skipped="0">
  <testcase classname="com.TestCases.TestCases" name="testmethod" time="236.338"/>
</testsuite> <!-- com.TestCases.TestCases -->
